Arguments: 
  /usr/bin/node /usr/share/yarn/bin/yarn.js install

PATH: 
  /usr/local/sbin:/usr/local/bin:/usr/sbin:/usr/bin:/sbin:/bin:/usr/games:/usr/local/games:/snap/bin:/snap/bin

Yarn version: 
  1.22.19

Node version: 
  18.15.0

Platform: 
  linux x64

Trace: 
  Error: EACCES: permission denied, unlink '/home/imad/dev/arduino/arduino-to-nodejs/node_modules/.yarn-integrity'

npm manifest: 
  {
      "license": "MIT",
      "type": "module",
      "name": "basic-socket",
      "version": "0.0.1",
      "description": "Communication between Arduino and HTML/JavaScript",
      "dependencies": {
          "serialport": "10.5.0",
          "socket.io": "4.6.1"
      },
      "scripts": {
          "start": "node app.js"
      }
  }

yarn manifest: 
  No manifest

Lockfile: 
  # THIS IS AN AUTOGENERATED FILE. DO NOT EDIT THIS FILE DIRECTLY.
  # yarn lockfile v1
  
  
  "@serialport/binding-mock@10.2.2":
    version "10.2.2"
    resolved "https://registry.yarnpkg.com/@serialport/binding-mock/-/binding-mock-10.2.2.tgz#d322a8116a97806addda13c62f50e73d16125874"
    integrity sha512-HAFzGhk9OuFMpuor7aT5G1ChPgn5qSsklTFOTUX72Rl6p0xwcSVsRtG/xaGp6bxpN7fI9D/S8THLBWbBgS6ldw==
    dependencies:
      "@serialport/bindings-interface" "^1.2.1"
      debug "^4.3.3"
  
  "@serialport/bindings-cpp@10.8.0":
    version "10.8.0"
    resolved "https://registry.yarnpkg.com/@serialport/bindings-cpp/-/bindings-cpp-10.8.0.tgz#79507b57022ac264e963e7fbf3647a3821569a20"
    integrity sha512-OMQNJz5kJblbmZN5UgJXLwi2XNtVLxSKmq5VyWuXQVsUIJD4l9UGHnLPqM5LD9u3HPZgDI5w7iYN7gxkQNZJUw==
    dependencies:
      "@serialport/bindings-interface" "1.2.2"
      "@serialport/parser-readline" "^10.2.1"
      debug "^4.3.2"
      node-addon-api "^5.0.0"
      node-gyp-build "^4.3.0"
  
  "@serialport/bindings-interface@1.2.2", "@serialport/bindings-interface@^1.2.1":
    version "1.2.2"
    resolved "https://registry.yarnpkg.com/@serialport/bindings-interface/-/bindings-interface-1.2.2.tgz#c4ae9c1c85e26b02293f62f37435478d90baa460"
    integrity sha512-CJaUd5bLvtM9c5dmO9rPBHPXTa9R2UwpkJ0wdh9JCYcbrPWsKz+ErvR0hBLeo7NPeiFdjFO4sonRljiw4d2XiA==
  
  "@serialport/parser-byte-length@10.5.0":
    version "10.5.0"
    resolved "https://registry.yarnpkg.com/@serialport/parser-byte-length/-/parser-byte-length-10.5.0.tgz#f3d4c1c7923222df2f3d3c7c8aaaa207fe373b49"
    integrity sha512-eHhr4lHKboq1OagyaXAqkemQ1XyoqbLQC8XJbvccm95o476TmEdW5d7AElwZV28kWprPW68ZXdGF2VXCkJgS2w==
  
  "@serialport/parser-cctalk@10.5.0":
    version "10.5.0"
    resolved "https://registry.yarnpkg.com/@serialport/parser-cctalk/-/parser-cctalk-10.5.0.tgz#0ee88db0768a361b7cfb9a394b74e480c38e1992"
    integrity sha512-Iwsdr03xmCKAiibLSr7b3w6ZUTBNiS+PwbDQXdKU/clutXjuoex83XvsOtYVcNZmwJlVNhAUbkG+FJzWwIa4DA==
  
  "@serialport/parser-delimiter@10.5.0":
    version "10.5.0"
    resolved "https://registry.yarnpkg.com/@serialport/parser-delimiter/-/parser-delimiter-10.5.0.tgz#b0d93100cdfd0619d020a427d652495073f3b828"
    integrity sha512-/uR/yT3jmrcwnl2FJU/2ySvwgo5+XpksDUR4NF/nwTS5i3CcuKS+FKi/tLzy1k8F+rCx5JzpiK+koqPqOUWArA==
  
  "@serialport/parser-inter-byte-timeout@10.5.0":
    version "10.5.0"
    resolved "https://registry.yarnpkg.com/@serialport/parser-inter-byte-timeout/-/parser-inter-byte-timeout-10.5.0.tgz#8665ee5e6138f794ac055e83ef2d1c3653a577c0"
    integrity sha512-WPvVlSx98HmmUF9jjK6y9mMp3Wnv6JQA0cUxLeZBgS74TibOuYG3fuUxUWGJALgAXotOYMxfXSezJ/vSnQrkhQ==
  
  "@serialport/parser-packet-length@10.5.0":
    version "10.5.0"
    resolved "https://registry.yarnpkg.com/@serialport/parser-packet-length/-/parser-packet-length-10.5.0.tgz#4c4d733bdff8cc4749f2bd750e42e66f8f478def"
    integrity sha512-jkpC/8w4/gUBRa2Teyn7URv1D7T//0lGj27/4u9AojpDVXsR6dtdcTG7b7dNirXDlOrSLvvN7aS5/GNaRlEByw==
  
  "@serialport/parser-readline@10.5.0", "@serialport/parser-readline@^10.2.1":
    version "10.5.0"
    resolved "https://registry.yarnpkg.com/@serialport/parser-readline/-/parser-readline-10.5.0.tgz#df23365ae7f45679b1735deae26f72ba42802862"
    integrity sha512-0aXJknodcl94W9zSjvU+sLdXiyEG2rqjQmvBWZCr8wJZjWEtv3RgrnYiWq4i2OTOyC8C/oPK8ZjpBjQptRsoJQ==
    dependencies:
      "@serialport/parser-delimiter" "10.5.0"
  
  "@serialport/parser-ready@10.5.0":
    version "10.5.0"
    resolved "https://registry.yarnpkg.com/@serialport/parser-ready/-/parser-ready-10.5.0.tgz#1d9029f57b1abd664cb468e21bfccf7b44c6e8ea"
    integrity sha512-QIf65LTvUoxqWWHBpgYOL+soldLIIyD1bwuWelukem2yDZVWwEjR288cLQ558BgYxH4U+jLAQahhqoyN1I7BaA==
  
  "@serialport/parser-regex@10.5.0":
    version "10.5.0"
    resolved "https://registry.yarnpkg.com/@serialport/parser-regex/-/parser-regex-10.5.0.tgz#f98eab6e3d9bc99086269e9acf39a82db36d245f"
    integrity sha512-9jnr9+PCxRoLjtGs7uxwsFqvho+rxuJlW6ZWSB7oqfzshEZWXtTJgJRgac/RuLft4hRlrmRz5XU40i3uoL4HKw==
  
  "@serialport/parser-slip-encoder@10.5.0":
    version "10.5.0"
    resolved "https://registry.yarnpkg.com/@serialport/parser-slip-encoder/-/parser-slip-encoder-10.5.0.tgz#cb79ac0fda1fc87f049690ff7b498c787da67991"
    integrity sha512-wP8m+uXQdkWSa//3n+VvfjLthlabwd9NiG6kegf0fYweLWio8j4pJRL7t9eTh2Lbc7zdxuO0r8ducFzO0m8CQw==
  
  "@serialport/parser-spacepacket@10.5.0":
    version "10.5.0"
    resolved "https://registry.yarnpkg.com/@serialport/parser-spacepacket/-/parser-spacepacket-10.5.0.tgz#2fc077c0ec16a9532c511ad5f2ab12d588796bc7"
    integrity sha512-BEZ/HAEMwOd8xfuJSeI/823IR/jtnThovh7ils90rXD4DPL1ZmrP4abAIEktwe42RobZjIPfA4PaVfyO0Fjfhg==
  
  "@serialport/stream@10.5.0":
    version "10.5.0"
    resolved "https://registry.yarnpkg.com/@serialport/stream/-/stream-10.5.0.tgz#cda8fb3e8d03094b0962a3d14b73adfcd591be58"
    integrity sha512-gbcUdvq9Kyv2HsnywS7QjnEB28g+6OGB5Z8TLP7X+UPpoMIWoUsoQIq5Kt0ZTgMoWn3JGM2lqwTsSHF+1qhniA==
    dependencies:
      "@serialport/bindings-interface" "1.2.2"
      debug "^4.3.2"
  
  "@socket.io/component-emitter@~3.1.0":
    version "3.1.0"
    resolved "https://registry.yarnpkg.com/@socket.io/component-emitter/-/component-emitter-3.1.0.tgz#96116f2a912e0c02817345b3c10751069920d553"
    integrity sha512-+9jVqKhRSpsc591z5vX+X5Yyw+he/HCB4iQ/RYxw35CEPaY1gnsNE43nf9n9AaYjAQrTiI/mOwKUKdUs9vf7Xg==
  
  "@types/cookie@^0.4.1":
    version "0.4.1"
    resolved "https://registry.yarnpkg.com/@types/cookie/-/cookie-0.4.1.tgz#bfd02c1f2224567676c1545199f87c3a861d878d"
    integrity sha512-XW/Aa8APYr6jSVVA1y/DEIZX0/GMKLEVekNG727R8cs56ahETkRAy/3DR7+fJyh7oUgGwNQaRfXCun0+KbWY7Q==
  
  "@types/cors@^2.8.12":
    version "2.8.13"
    resolved "https://registry.yarnpkg.com/@types/cors/-/cors-2.8.13.tgz#b8ade22ba455a1b8cb3b5d3f35910fd204f84f94"
    integrity sha512-RG8AStHlUiV5ysZQKq97copd2UmVYw3/pRMLefISZ3S1hK104Cwm7iLQ3fTKx+lsUH2CE8FlLaYeEA2LSeqYUA==
    dependencies:
      "@types/node" "*"
  
  "@types/node@*", "@types/node@>=10.0.0":
    version "18.15.0"
    resolved "https://registry.yarnpkg.com/@types/node/-/node-18.15.0.tgz#286a65e3fdffd691e170541e6ecb0410b16a38be"
    integrity sha512-z6nr0TTEOBGkzLGmbypWOGnpSpSIBorEhC4L+4HeQ2iezKCi4f77kyslRwvHeNitymGQ+oFyIWGP96l/DPSV9w==
  
  accepts@~1.3.4:
    version "1.3.8"
    resolved "https://registry.yarnpkg.com/accepts/-/accepts-1.3.8.tgz#0bf0be125b67014adcb0b0921e62db7bffe16b2e"
    integrity sha512-PYAthTa2m2VKxuvSD3DPC/Gy+U+sOA1LAuT8mkmRuvw+NACSaeXEQ+NHcVF7rONl6qcaxV3Uuemwawk+7+SJLw==
    dependencies:
      mime-types "~2.1.34"
      negotiator "0.6.3"
  
  base64id@2.0.0, base64id@~2.0.0:
    version "2.0.0"
    resolved "https://registry.yarnpkg.com/base64id/-/base64id-2.0.0.tgz#2770ac6bc47d312af97a8bf9a634342e0cd25cb6"
    integrity sha512-lGe34o6EHj9y3Kts9R4ZYs/Gr+6N7MCaMlIFA3F1R2O5/m7K06AxfSeO5530PEERE6/WyEg3lsuyw4GHlPZHog==
  
  cookie@~0.4.1:
    version "0.4.2"
    resolved "https://registry.yarnpkg.com/cookie/-/cookie-0.4.2.tgz#0e41f24de5ecf317947c82fc789e06a884824432"
    integrity sha512-aSWTXFzaKWkvHO1Ny/s+ePFpvKsPnjc551iI41v3ny/ow6tBG5Vd+FuqGNhh1LxOmVzOlGUriIlOaokOvhaStA==
  
  cors@~2.8.5:
    version "2.8.5"
    resolved "https://registry.yarnpkg.com/cors/-/cors-2.8.5.tgz#eac11da51592dd86b9f06f6e7ac293b3df875d29"
    integrity sha512-KIHbLJqu73RGr/hnbrO9uBeixNGuvSQjul/jdFvS/KFSIH1hWVd1ng7zOHx+YrEfInLG7q4n6GHQ9cDtxv/P6g==
    dependencies:
      object-assign "^4"
      vary "^1"
  
  debug@^4.3.2, debug@^4.3.3, debug@~4.3.1, debug@~4.3.2:
    version "4.3.4"
    resolved "https://registry.yarnpkg.com/debug/-/debug-4.3.4.tgz#1319f6579357f2338d3337d2cdd4914bb5dcc865"
    integrity sha512-PRWFHuSU3eDtQJPvnNY7Jcket1j0t5OuOsFzPPzsekD52Zl8qUfFIPEiswXqIvHWGVHOgX+7G/vCNNhehwxfkQ==
    dependencies:
      ms "2.1.2"
  
  engine.io-parser@~5.0.3:
    version "5.0.6"
    resolved "https://registry.yarnpkg.com/engine.io-parser/-/engine.io-parser-5.0.6.tgz#7811244af173e157295dec9b2718dfe42a64ef45"
    integrity sha512-tjuoZDMAdEhVnSFleYPCtdL2GXwVTGtNjoeJd9IhIG3C1xs9uwxqRNEu5WpnDZCaozwVlK/nuQhpodhXSIMaxw==
  
  engine.io@~6.4.1:
    version "6.4.1"
    resolved "https://registry.yarnpkg.com/engine.io/-/engine.io-6.4.1.tgz#8056b4526a88e779f9c280d820422d4e3eeaaae5"
    integrity sha512-JFYQurD/nbsA5BSPmbaOSLa3tSVj8L6o4srSwXXY3NqE+gGUNmmPTbhn8tjzcCtSqhFgIeqef81ngny8JM25hw==
    dependencies:
      "@types/cookie" "^0.4.1"
      "@types/cors" "^2.8.12"
      "@types/node" ">=10.0.0"
      accepts "~1.3.4"
      base64id "2.0.0"
      cookie "~0.4.1"
      cors "~2.8.5"
      debug "~4.3.1"
      engine.io-parser "~5.0.3"
      ws "~8.11.0"
  
  mime-db@1.52.0:
    version "1.52.0"
    resolved "https://registry.yarnpkg.com/mime-db/-/mime-db-1.52.0.tgz#bbabcdc02859f4987301c856e3387ce5ec43bf70"
    integrity sha512-sPU4uV7dYlvtWJxwwxHD0PuihVNiE7TyAbQ5SWxDCB9mUYvOgroQOwYQQOKPJ8CIbE+1ETVlOoK1UC2nU3gYvg==
  
  mime-types@~2.1.34:
    version "2.1.35"
    resolved "https://registry.yarnpkg.com/mime-types/-/mime-types-2.1.35.tgz#381a871b62a734450660ae3deee44813f70d959a"
    integrity sha512-ZDY+bPm5zTTF+YpCrAU9nK0UgICYPT0QtT1NZWFv4s++TNkcgVaT0g6+4R2uI4MjQjzysHB1zxuWL50hzaeXiw==
    dependencies:
      mime-db "1.52.0"
  
  ms@2.1.2:
    version "2.1.2"
    resolved "https://registry.yarnpkg.com/ms/-/ms-2.1.2.tgz#d09d1f357b443f493382a8eb3ccd183872ae6009"
    integrity sha512-sGkPx+VjMtmA6MX27oA4FBFELFCZZ4S4XqeGOXCv68tT+jb3vk/RyaKWP0PTKyWtmLSM0b+adUTEvbs1PEaH2w==
  
  negotiator@0.6.3:
    version "0.6.3"
    resolved "https://registry.yarnpkg.com/negotiator/-/negotiator-0.6.3.tgz#58e323a72fedc0d6f9cd4d31fe49f51479590ccd"
    integrity sha512-+EUsqGPLsM+j/zdChZjsnX51g4XrHFOIXwfnCVPGlQk/k5giakcKsuxCObBRu6DSm9opw/O6slWbJdghQM4bBg==
  
  node-addon-api@^5.0.0:
    version "5.1.0"
    resolved "https://registry.yarnpkg.com/node-addon-api/-/node-addon-api-5.1.0.tgz#49da1ca055e109a23d537e9de43c09cca21eb762"
    integrity sha512-eh0GgfEkpnoWDq+VY8OyvYhFEzBk6jIYbRKdIlyTiAXIVJ8PyBaKb0rp7oDtoddbdoHWhq8wwr+XZ81F1rpNdA==
  
  node-gyp-build@^4.3.0:
    version "4.6.0"
    resolved "https://registry.yarnpkg.com/node-gyp-build/-/node-gyp-build-4.6.0.tgz#0c52e4cbf54bbd28b709820ef7b6a3c2d6209055"
    integrity sha512-NTZVKn9IylLwUzaKjkas1e4u2DLNcV4rdYagA4PWdPwW87Bi7z+BznyKSRwS/761tV/lzCGXplWsiaMjLqP2zQ==
  
  object-assign@^4:
    version "4.1.1"
    resolved "https://registry.yarnpkg.com/object-assign/-/object-assign-4.1.1.tgz#2109adc7965887cfc05cbbd442cac8bfbb360863"
    integrity sha512-rJgTQnkUnH1sFw8yT6VSU3zD3sWmu6sZhIseY8VX+GRu3P6F7Fu+JNDoXfklElbLJSnc3FUQHVe4cU5hj+BcUg==
  
  serialport@10.5.0:
    version "10.5.0"
    resolved "https://registry.yarnpkg.com/serialport/-/serialport-10.5.0.tgz#b85f614def6e8914e5865c798b0555330903a0f8"
    integrity sha512-7OYLDsu5i6bbv3lU81pGy076xe0JwpK6b49G6RjNvGibstUqQkI+I3/X491yBGtf4gaqUdOgoU1/5KZ/XxL4dw==
    dependencies:
      "@serialport/binding-mock" "10.2.2"
      "@serialport/bindings-cpp" "10.8.0"
      "@serialport/parser-byte-length" "10.5.0"
      "@serialport/parser-cctalk" "10.5.0"
      "@serialport/parser-delimiter" "10.5.0"
      "@serialport/parser-inter-byte-timeout" "10.5.0"
      "@serialport/parser-packet-length" "10.5.0"
      "@serialport/parser-readline" "10.5.0"
      "@serialport/parser-ready" "10.5.0"
      "@serialport/parser-regex" "10.5.0"
      "@serialport/parser-slip-encoder" "10.5.0"
      "@serialport/parser-spacepacket" "10.5.0"
      "@serialport/stream" "10.5.0"
      debug "^4.3.3"
  
  socket.io-adapter@~2.5.2:
    version "2.5.2"
    resolved "https://registry.yarnpkg.com/socket.io-adapter/-/socket.io-adapter-2.5.2.tgz#5de9477c9182fdc171cd8c8364b9a8894ec75d12"
    integrity sha512-87C3LO/NOMc+eMcpcxUBebGjkpMDkNBS9tf7KJqcDsmL936EChtVva71Dw2q4tQcuVC+hAUy4an2NO/sYXmwRA==
    dependencies:
      ws "~8.11.0"
  
  socket.io-parser@~4.2.1:
    version "4.2.2"
    resolved "https://registry.yarnpkg.com/socket.io-parser/-/socket.io-parser-4.2.2.tgz#1dd384019e25b7a3d374877f492ab34f2ad0d206"
    integrity sha512-DJtziuKypFkMMHCm2uIshOYC7QaylbtzQwiMYDuCKy3OPkjLzu4B2vAhTlqipRHHzrI0NJeBAizTK7X+6m1jVw==
    dependencies:
      "@socket.io/component-emitter" "~3.1.0"
      debug "~4.3.1"
  
  socket.io@4.6.1:
    version "4.6.1"
    resolved "https://registry.yarnpkg.com/socket.io/-/socket.io-4.6.1.tgz#62ec117e5fce0692fa50498da9347cfb52c3bc70"
    integrity sha512-KMcaAi4l/8+xEjkRICl6ak8ySoxsYG+gG6/XfRCPJPQ/haCRIJBTL4wIl8YCsmtaBovcAXGLOShyVWQ/FG8GZA==
    dependencies:
      accepts "~1.3.4"
      base64id "~2.0.0"
      debug "~4.3.2"
      engine.io "~6.4.1"
      socket.io-adapter "~2.5.2"
      socket.io-parser "~4.2.1"
  
  vary@^1:
    version "1.1.2"
    resolved "https://registry.yarnpkg.com/vary/-/vary-1.1.2.tgz#2299f02c6ded30d4a5961b0b9f74524a18f634fc"
    integrity sha512-BNGbWLfd0eUPabhkXUVm0j8uuvREyTh5ovRa/dyow/BqAbZJyC+5fU+IzQOzmAKzYqYRAISoRhdQr3eIZ/PXqg==
  
  ws@~8.11.0:
    version "8.11.0"
    resolved "https://registry.yarnpkg.com/ws/-/ws-8.11.0.tgz#6a0d36b8edfd9f96d8b25683db2f8d7de6e8e143"
    integrity sha512-HPG3wQd9sNQoT9xHyNCXoDUa+Xw/VevmY9FoHyQ+g+rrMn4j6FB4np7Z0OhdTgjx6MgQLK7jwSy1YecU1+4Asg==
